<?xml version="1.0" encoding="UTF-8"?>
<!-- Generated by org.testng.reporters.JUnitXMLReporter -->
<testsuite hostname="DESKTOP-14D6M7T" ignored="0" name="Test" tests="5" failures="1" timestamp="21 Sep 2022 09:50:18 GMT" time="56.029" errors="0">
  <testcase name="tc2" time="0.03" classname="org.utilities.TestngRerun">
    <skipped/>
  </testcase> <!-- tc2 -->
  <testcase name="tc2" time="0.002" classname="org.utilities.TestngRerun">
    <skipped/>
  </testcase> <!-- tc2 -->
  <testcase name="tc2" time="0.002" classname="org.utilities.TestngRerun">
    <skipped/>
  </testcase> <!-- tc2 -->
  <testcase name="tc2" time="0.004" classname="org.utilities.TestngRerun">
    <failure type="java.lang.AssertionError" message="checking expected [true] but found [false]">
      <![CDATA[java.lang.AssertionError: checking expected [true] but found [false]
at org.utilities.TestngRerun.tc2(TestngRerun.java:34)
... Removed 28 stack frames]]>
    </failure>
  </testcase> <!-- tc2 -->
  <testcase name="tc3" time="17.405" classname="org.utilities.TestngRerun"/>
</testsuite> <!-- Test -->
